c:\work\popcorn_project\popcorn2\popcorn\popcorn\debug\vc143.pdb
c:\work\popcorn_project\popcorn2\popcorn\popcorn\debug\vc143.idb
c:\work\popcorn_project\popcorn2\popcorn\popcorn\debug\config.obj
c:\work\popcorn_project\popcorn2\popcorn\popcorn\debug\level.obj
c:\work\popcorn_project\popcorn2\popcorn\popcorn\debug\active_brick.obj
c:\work\popcorn_project\popcorn2\popcorn\popcorn\debug\platform.obj
c:\work\popcorn_project\popcorn2\popcorn\popcorn\debug\main.obj
c:\work\popcorn_project\popcorn2\popcorn\popcorn\debug\engine.obj
c:\work\popcorn_project\popcorn2\popcorn\popcorn\debug\border.obj
c:\work\popcorn_project\popcorn2\popcorn\popcorn\debug\ball.obj
c:\work\popcorn_project\popcorn2\popcorn\popcorn\debug\falling_letter.obj
c:\work\popcorn_project\popcorn2\popcorn\debug\popcorn.exe
c:\work\popcorn_project\popcorn2\popcorn\debug\popcorn.pdb
c:\work\popcorn_project\popcorn2\popcorn\popcorn\debug\popcorn.res
c:\work\popcorn_project\popcorn2\popcorn\popcorn\debug\popcorn.ilk
c:\work\popcorn_project\popcorn2\popcorn\popcorn\debug\popcorn.tlog\cl.command.1.tlog
c:\work\popcorn_project\popcorn2\popcorn\popcorn\debug\popcorn.tlog\cl.items.tlog
c:\work\popcorn_project\popcorn2\popcorn\popcorn\debug\popcorn.tlog\cl.read.1.tlog
c:\work\popcorn_project\popcorn2\popcorn\popcorn\debug\popcorn.tlog\cl.write.1.tlog
c:\work\popcorn_project\popcorn2\popcorn\popcorn\debug\popcorn.tlog\link.command.1.tlog
c:\work\popcorn_project\popcorn2\popcorn\popcorn\debug\popcorn.tlog\link.read.1.tlog
c:\work\popcorn_project\popcorn2\popcorn\popcorn\debug\popcorn.tlog\link.secondary.1.tlog
c:\work\popcorn_project\popcorn2\popcorn\popcorn\debug\popcorn.tlog\link.write.1.tlog
c:\work\popcorn_project\popcorn2\popcorn\popcorn\debug\popcorn.tlog\rc.command.1.tlog
c:\work\popcorn_project\popcorn2\popcorn\popcorn\debug\popcorn.tlog\rc.read.1.tlog
c:\work\popcorn_project\popcorn2\popcorn\popcorn\debug\popcorn.tlog\rc.write.1.tlog
